0 info it worked if it ends with ok
1 verbose cli [ 'C:\\Program Files\\nodejs\\node.exe',
1 verbose cli   'C:\\Program Files\\nodejs\\node_modules\\npm\\bin\\npm-cli.js',
1 verbose cli   'run',
1 verbose cli   'lite' ]
2 info using npm@3.10.10
3 info using node@v6.10.0
4 verbose run-script [ 'prelite', 'lite', 'postlite' ]
5 info lifecycle mytastlist_mokyx@1.0.0~prelite: mytastlist_mokyx@1.0.0
6 silly lifecycle mytastlist_mokyx@1.0.0~prelite: no script for prelite, continuing
7 info lifecycle mytastlist_mokyx@1.0.0~lite: mytastlist_mokyx@1.0.0
8 verbose lifecycle mytastlist_mokyx@1.0.0~lite: unsafe-perm in lifecycle true
9 verbose lifecycle mytastlist_mokyx@1.0.0~lite: PATH: C:\Program Files\nodejs\node_modules\npm\bin\node-gyp-bin;D:\Documents\Git\projetM1\RainbowData\client\node_modules\.bin;C:\Program Files\nodejs\node_modules\npm\bin\node-gyp-bin;D:\Documents\Git\projetM1\RainbowData\client\node_modules\.bin;D:\Programs\ConEmu\ConEmu\Scripts;D:\Programs\ConEmu;D:\Programs\ConEmu\ConEmu;C:\ProgramData\Oracle\Java\javapath;D:\Programs\EasyPHP-DevServer-14.1VC11\binaries\php\php_runningversion;C:\Program Files (x86)\Intel\iCLS Client\;C:\Program Files\Intel\iCLS Client\;C:\Windows\system32;C:\Windows;C:\Windows\System32\Wbem;C:\Windows\System32\WindowsPowerShell\v1.0\;C:\Program Files\Intel\Intel(R) Management Engine Components\DAL;C:\Program Files\Intel\Intel(R) Management Engine Components\IPT;C:\Program Files (x86)\Intel\Intel(R) Management Engine Components\DAL;C:\Program Files (x86)\Intel\Intel(R) Management Engine Components\IPT;C:\Program Files (x86)\NVIDIA Corporation\PhysX\Common;C:\Program Files\Intel\WiFi\bin\;C:\Program Files\Common Files\Intel\WirelessCommon\;D:\Programs\Skype\Phone\;D:\Programs\matlab\bin;C:\WINDOWS\system32;C:\WINDOWS;C:\WINDOWS\System32\Wbem;C:\WINDOWS\System32\WindowsPowerShell\v1.0\;C:\Program Files (x86)\Git\cmd;C:\Program Files\nodejs\;C:\Program Files (x86)\GitExtensions\;C:\Program Files (x86)\Windows Kits\8.1\Windows Performance Toolkit\;C:\Program Files\Intel\WiFi\bin\;C:\Program Files\Common Files\Intel\WirelessCommon\;C:\Users\Mokyx\AppData\Local\Microsoft\WindowsApps;C:\Users\Mokyx\AppData\Roaming\npm;C:\Users\Mokyx\AppData\Local\atom\bin
10 verbose lifecycle mytastlist_mokyx@1.0.0~lite: CWD: D:\Documents\Git\projetM1\RainbowData\client
11 silly lifecycle mytastlist_mokyx@1.0.0~lite: Args: [ '/d /s /c', 'lite-server' ]
12 silly lifecycle mytastlist_mokyx@1.0.0~lite: Returned: code: 1  signal: null
13 info lifecycle mytastlist_mokyx@1.0.0~lite: Failed to exec lite script
14 verbose stack Error: mytastlist_mokyx@1.0.0 lite: `lite-server`
14 verbose stack Exit status 1
14 verbose stack     at EventEmitter.<anonymous> (C:\Program Files\nodejs\node_modules\npm\lib\utils\lifecycle.js:255:16)
14 verbose stack     at emitTwo (events.js:106:13)
14 verbose stack     at EventEmitter.emit (events.js:191:7)
14 verbose stack     at ChildProcess.<anonymous> (C:\Program Files\nodejs\node_modules\npm\lib\utils\spawn.js:40:14)
14 verbose stack     at emitTwo (events.js:106:13)
14 verbose stack     at ChildProcess.emit (events.js:191:7)
14 verbose stack     at maybeClose (internal/child_process.js:877:16)
14 verbose stack     at Process.ChildProcess._handle.onexit (internal/child_process.js:226:5)
15 verbose pkgid mytastlist_mokyx@1.0.0
16 verbose cwd D:\Documents\Git\projetM1\RainbowData\client
17 error Windows_NT 10.0.14393
18 error argv "C:\\Program Files\\nodejs\\node.exe" "C:\\Program Files\\nodejs\\node_modules\\npm\\bin\\npm-cli.js" "run" "lite"
19 error node v6.10.0
20 error npm  v3.10.10
21 error code ELIFECYCLE
22 error mytastlist_mokyx@1.0.0 lite: `lite-server`
22 error Exit status 1
23 error Failed at the mytastlist_mokyx@1.0.0 lite script 'lite-server'.
23 error Make sure you have the latest version of node.js and npm installed.
23 error If you do, this is most likely a problem with the mytastlist_mokyx package,
23 error not with npm itself.
23 error Tell the author that this fails on your system:
23 error     lite-server
23 error You can get information on how to open an issue for this project with:
23 error     npm bugs mytastlist_mokyx
23 error Or if that isn't available, you can get their info via:
23 error     npm owner ls mytastlist_mokyx
23 error There is likely additional logging output above.
24 verbose exit [ 1, true ]
